<?xml version="1.0" encoding="UTF-8"?>
<!-- Generated by org.testng.reporters.JUnitXMLReporter -->
<testsuite hostname="MacBook-Air" ignored="2" name="Test" tests="2" failures="0" timestamp="2020-05-26T21:05:30 EDT" time="0.074" errors="0">
  <testcase name="test1" time="0.007" classname="com.class04.GroupsDemo"/>
  <testcase name="test3" time="0.003" classname="com.class04.GroupsDemo"/>
  <testcase name="test12" time="0.0" classname="com.class04.GroupsDemo">
    <ignored/>
  </testcase> <!-- test12 -->
  <testcase name="test4" time="0.0" classname="com.class04.GroupsDemo">
    <ignored/>
  </testcase> <!-- test4 -->
</testsuite> <!-- Test -->
